# JRE version: Java(TM) SE Runtime Environment (8.0_60-b27) (build 1.8.0_60-b27)
# Java VM: Java HotSpot(TM) 64-Bit Server VM (25.60-b23 mixed mode windows-amd64 compressed oops)
Heap:
 PSYoungGen      total 164352K, used 105522K [0x000000076c500000, 0x0000000776980000, 0x00000007c0000000)
  eden space 161280K, 65% used [0x000000076c500000,0x0000000772bfca98,0x0000000776280000)
  from space 3072K, 2% used [0x0000000776680000,0x0000000776690000,0x0000000776980000)
  to   space 3584K, 0% used [0x0000000776280000,0x0000000776280000,0x0000000776600000)
 ParOldGen       total 2743296K, used 2677311K [0x00000006c4e00000, 0x000000076c500000, 0x000000076c500000)
  object space 2743296K, 97% used [0x00000006c4e00000,0x000000076848fd10,0x000000076c500000)
 Metaspace       used 18344K, capacity 18646K, committed 18944K, reserved 1067008K
  class space    used 2105K, capacity 2229K, committed 2304K, reserved 1048576K
GC Heap History (10 events):
Event: 13.386 GC heap before
{Heap before GC invocations=52 (full 0):
 PSYoungGen      total 164864K, used 108792K [0x000000076c500000, 0x0000000776980000, 0x00000007c0000000)
  eden space 161280K, 67% used [0x000000076c500000,0x0000000772f1e330,0x0000000776280000)
  from space 3584K, 3% used [0x0000000776280000,0x00000007762a0000,0x0000000776600000)
  to   space 3072K, 0% used [0x0000000776680000,0x0000000776680000,0x0000000776980000)
 ParOldGen       total 2743296K, used 2677183K [0x00000006c4e00000, 0x000000076c500000, 0x000000076c500000)
  object space 2743296K, 97% used [0x00000006c4e00000,0x000000076846fd10,0x000000076c500000)
 Metaspace       used 18327K, capacity 18646K, committed 18944K, reserved 1067008K
  class space    used 2105K, capacity 2229K, committed 2304K, reserved 1048576K
Event: 13.396 GC heap after
Heap after GC invocations=52 (full 0):
 PSYoungGen      total 164352K, used 96K [0x000000076c500000, 0x0000000776980000, 0x00000007c0000000)
  eden space 161280K, 0% used [0x000000076c500000,0x000000076c500000,0x0000000776280000)
  from space 3072K, 3% used [0x0000000776680000,0x0000000776698000,0x0000000776980000)
  to   space 3584K, 0% used [0x0000000776280000,0x0000000776280000,0x0000000776600000)
 ParOldGen       total 2743296K, used 2677207K [0x00000006c4e00000, 0x000000076c500000, 0x000000076c500000)
  object space 2743296K, 97% used [0x00000006c4e00000,0x0000000768475d10,0x000000076c500000)
 Metaspace       used 18327K, capacity 18646K, committed 18944K, reserved 1067008K
  class space    used 2105K, capacity 2229K, committed 2304K, reserved 1048576K
}
Event: 13.413 GC heap before
{Heap before GC invocations=53 (full 0):
 PSYoungGen      total 164352K, used 111991K [0x000000076c500000, 0x0000000776980000, 0x00000007c0000000)
  eden space 161280K, 69% used [0x000000076c500000,0x0000000773245c98,0x0000000776280000)
  from space 3072K, 3% used [0x0000000776680000,0x0000000776698000,0x0000000776980000)
  to   space 3584K, 0% used [0x0000000776280000,0x0000000776280000,0x0000000776600000)
 ParOldGen       total 2743296K, used 2677207K [0x00000006c4e00000, 0x000000076c500000, 0x000000076c500000)
  object space 2743296K, 97% used [0x00000006c4e00000,0x0000000768475d10,0x000000076c500000)
 Metaspace       used 18327K, capacity 18646K, committed 18944K, reserved 1067008K
  class space    used 2105K, capacity 2229K, committed 2304K, reserved 1048576K
Event: 13.425 GC heap after
Heap after GC invocations=53 (full 0):
 PSYoungGen      total 164864K, used 64K [0x000000076c500000, 0x0000000776980000, 0x00000007c0000000)
  eden space 161280K, 0% used [0x000000076c500000,0x000000076c500000,0x0000000776280000)
  from space 3584K, 1% used [0x0000000776280000,0x0000000776290000,0x0000000776600000)
  to   space 3072K, 0% used [0x0000000776680000,0x0000000776680000,0x0000000776980000)
 ParOldGen       total 2743296K, used 2677215K [0x00000006c4e00000, 0x000000076c500000, 0x000000076c500000)
  object space 2743296K, 97% used [0x00000006c4e00000,0x0000000768477d10,0x000000076c500000)
 Metaspace       used 18327K, capacity 18646K, committed 18944K, reserved 1067008K
  class space    used 2105K, capacity 2229K, committed 2304K, reserved 1048576K
}
Event: 13.441 GC heap before
{Heap before GC invocations=54 (full 0):
 PSYoungGen      total 164864K, used 108707K [0x000000076c500000, 0x0000000776980000, 0x00000007c0000000)
  eden space 161280K, 67% used [0x000000076c500000,0x0000000772f18f40,0x0000000776280000)
  from space 3584K, 1% used [0x0000000776280000,0x0000000776290000,0x0000000776600000)
  to   space 3072K, 0% used [0x0000000776680000,0x0000000776680000,0x0000000776980000)
 ParOldGen       total 2743296K, used 2677215K [0x00000006c4e00000, 0x000000076c500000, 0x000000076c500000)
  object space 2743296K, 97% used [0x00000006c4e00000,0x0000000768477d10,0x000000076c500000)
 Metaspace       used 18332K, capacity 18646K, committed 18944K, reserved 1067008K
  class space    used 2105K, capacity 2229K, committed 2304K, reserved 1048576K
Event: 13.458 GC heap after
Heap after GC invocations=54 (full 0):
 PSYoungGen      total 164352K, used 128K [0x000000076c500000, 0x0000000776980000, 0x00000007c0000000)
  eden space 161280K, 0% used [0x000000076c500000,0x000000076c500000,0x0000000776280000)
  from space 3072K, 4% used [0x0000000776680000,0x00000007766a0000,0x0000000776980000)
  to   space 3584K, 0% used [0x0000000776280000,0x0000000776280000,0x0000000776600000)
 ParOldGen       total 2743296K, used 2677239K [0x00000006c4e00000, 0x000000076c500000, 0x000000076c500000)
  object space 2743296K, 97% used [0x00000006c4e00000,0x000000076847dd10,0x000000076c500000)
 Metaspace       used 18332K, capacity 18646K, committed 18944K, reserved 1067008K
  class space    used 2105K, capacity 2229K, committed 2304K, reserved 1048576K
}
Event: 13.475 GC heap before
{Heap before GC invocations=55 (full 0):
 PSYoungGen      total 164352K, used 108816K [0x000000076c500000, 0x0000000776980000, 0x00000007c0000000)
  eden space 161280K, 67% used [0x000000076c500000,0x0000000772f24310,0x0000000776280000)
  from space 3072K, 4% used [0x0000000776680000,0x00000007766a0000,0x0000000776980000)
  to   space 3584K, 0% used [0x0000000776280000,0x0000000776280000,0x0000000776600000)
 ParOldGen       total 2743296K, used 2677239K [0x00000006c4e00000, 0x000000076c500000, 0x000000076c500000)
  object space 2743296K, 97% used [0x00000006c4e00000,0x000000076847dd10,0x000000076c500000)
 Metaspace       used 18337K, capacity 18646K, committed 18944K, reserved 1067008K
  class space    used 2105K, capacity 2229K, committed 2304K, reserved 1048576K
Event: 13.486 GC heap after
Heap after GC invocations=55 (full 0):
 PSYoungGen      total 164864K, used 192K [0x000000076c500000, 0x0000000776980000, 0x00000007c0000000)
  eden space 161280K, 0% used [0x000000076c500000,0x000000076c500000,0x0000000776280000)
  from space 3584K, 5% used [0x0000000776280000,0x00000007762b0000,0x0000000776600000)
  to   space 3072K, 0% used [0x0000000776680000,0x0000000776680000,0x0000000776980000)
 ParOldGen       total 2743296K, used 2677271K [0x00000006c4e00000, 0x000000076c500000, 0x000000076c500000)
  object space 2743296K, 97% used [0x00000006c4e00000,0x0000000768485d10,0x000000076c500000)
 Metaspace       used 18337K, capacity 18646K, committed 18944K, reserved 1067008K
  class space    used 2105K, capacity 2229K, committed 2304K, reserved 1048576K
}
Event: 13.500 GC heap before
{Heap before GC invocations=56 (full 0):
 PSYoungGen      total 164864K, used 107264K [0x000000076c500000, 0x0000000776980000, 0x00000007c0000000)
  eden space 161280K, 66% used [0x000000076c500000,0x0000000772d90068,0x0000000776280000)
  from space 3584K, 5% used [0x0000000776280000,0x00000007762b0000,0x0000000776600000)
  to   space 3072K, 0% used [0x0000000776680000,0x0000000776680000,0x0000000776980000)
 ParOldGen       total 2743296K, used 2677271K [0x00000006c4e00000, 0x000000076c500000, 0x000000076c500000)
  object space 2743296K, 97% used [0x00000006c4e00000,0x0000000768485d10,0x000000076c500000)
 Metaspace       used 18344K, capacity 18646K, committed 18944K, reserved 1067008K
  class space    used 2105K, capacity 2229K, committed 2304K, reserved 1048576K
Event: 13.517 GC heap after
Heap after GC invocations=56 (full 0):
 PSYoungGen      total 164352K, used 64K [0x000000076c500000, 0x0000000776980000, 0x00000007c0000000)
  eden space 161280K, 0% used [0x000000076c500000,0x000000076c500000,0x0000000776280000)
  from space 3072K, 2% used [0x0000000776680000,0x0000000776690000,0x0000000776980000)
  to   space 3584K, 0% used [0x0000000776280000,0x0000000776280000,0x0000000776600000)
 ParOldGen       total 2743296K, used 2677311K [0x00000006c4e00000, 0x000000076c500000, 0x000000076c500000)
  object space 2743296K, 97% used [0x00000006c4e00000,0x000000076848fd10,0x000000076c500000)
 Metaspace       used 18344K, capacity 18646K, committed 18944K, reserved 1067008K
  class space    used 2105K, capacity 2229K, committed 2304K, reserved 1048576K
}

