# JRE version: Java(TM) SE Runtime Environment (8.0_60-b27) (build 1.8.0_60-b27)
# Java VM: Java HotSpot(TM) 64-Bit Server VM (25.60-b23 mixed mode windows-amd64 compressed oops)
Heap:
 PSYoungGen      total 249344K, used 212609K [0x000000076c500000, 0x000000077ca80000, 0x00000007c0000000)
  eden space 233984K, 90% used [0x000000076c500000,0x0000000779478450,0x000000077a980000)
  from space 15360K, 1% used [0x000000077bb80000,0x000000077bba8000,0x000000077ca80000)
  to   space 16896K, 0% used [0x000000077a980000,0x000000077a980000,0x000000077ba00000)
 ParOldGen       total 933376K, used 832682K [0x00000006c4e00000, 0x00000006fdd80000, 0x000000076c500000)
  object space 933376K, 89% used [0x00000006c4e00000,0x00000006f7b2a878,0x00000006fdd80000)
 Metaspace       used 17740K, capacity 18006K, committed 18048K, reserved 1064960K
  class space    used 2054K, capacity 2165K, committed 2176K, reserved 1048576K
GC Heap History (10 events):
Event: 25.651 GC heap before
{Heap before GC invocations=6 (full 1):
 PSYoungGen      total 75264K, used 13619K [0x000000076c500000, 0x0000000771900000, 0x00000007c0000000)
  eden space 64512K, 21% used [0x000000076c500000,0x000000076d24ce60,0x0000000770400000)
  from space 10752K, 0% used [0x0000000770e80000,0x0000000770e80000,0x0000000771900000)
  to   space 10752K, 0% used [0x0000000770400000,0x0000000770400000,0x0000000770e80000)
 ParOldGen       total 1028608K, used 934533K [0x00000006c4e00000, 0x0000000703a80000, 0x000000076c500000)
  object space 1028608K, 90% used [0x00000006c4e00000,0x00000006fdea1578,0x0000000703a80000)
 Metaspace       used 17633K, capacity 17878K, committed 18048K, reserved 1064960K
  class space    used 2051K, capacity 2165K, committed 2176K, reserved 1048576K
Event: 25.677 GC heap after
Heap after GC invocations=6 (full 1):
 PSYoungGen      total 75264K, used 320K [0x000000076c500000, 0x0000000775b80000, 0x00000007c0000000)
  eden space 64512K, 0% used [0x000000076c500000,0x000000076c500000,0x0000000770400000)
  from space 10752K, 2% used [0x0000000770400000,0x0000000770450000,0x0000000770e80000)
  to   space 16384K, 0% used [0x0000000774b80000,0x0000000774b80000,0x0000000775b80000)
 ParOldGen       total 1028608K, used 934541K [0x00000006c4e00000, 0x0000000703a80000, 0x000000076c500000)
  object space 1028608K, 90% used [0x00000006c4e00000,0x00000006fdea3578,0x0000000703a80000)
 Metaspace       used 17633K, capacity 17878K, committed 18048K, reserved 1064960K
  class space    used 2051K, capacity 2165K, committed 2176K, reserved 1048576K
}
Event: 25.677 GC heap before
{Heap before GC invocations=7 (full 1):
 PSYoungGen      total 75264K, used 320K [0x000000076c500000, 0x0000000775b80000, 0x00000007c0000000)
  eden space 64512K, 0% used [0x000000076c500000,0x000000076c500000,0x0000000770400000)
  from space 10752K, 2% used [0x0000000770400000,0x0000000770450000,0x0000000770e80000)
  to   space 16384K, 0% used [0x0000000774b80000,0x0000000774b80000,0x0000000775b80000)
 ParOldGen       total 1028608K, used 934541K [0x00000006c4e00000, 0x0000000703a80000, 0x000000076c500000)
  object space 1028608K, 90% used [0x00000006c4e00000,0x00000006fdea3578,0x0000000703a80000)
 Metaspace       used 17633K, capacity 17878K, committed 18048K, reserved 1064960K
  class space    used 2051K, capacity 2165K, committed 2176K, reserved 1048576K
Event: 25.681 GC heap after
Heap after GC invocations=7 (full 1):
 PSYoungGen      total 137216K, used 288K [0x000000076c500000, 0x0000000776000000, 0x00000007c0000000)
  eden space 120832K, 0% used [0x000000076c500000,0x000000076c500000,0x0000000773b00000)
  from space 16384K, 1% used [0x0000000774b80000,0x0000000774bc8000,0x0000000775b80000)
  to   space 16896K, 0% used [0x0000000773b00000,0x0000000773b00000,0x0000000774b80000)
 ParOldGen       total 1028608K, used 934541K [0x00000006c4e00000, 0x0000000703a80000, 0x000000076c500000)
  object space 1028608K, 90% used [0x00000006c4e00000,0x00000006fdea3578,0x0000000703a80000)
 Metaspace       used 17633K, capacity 17878K, committed 18048K, reserved 1064960K
  class space    used 2051K, capacity 2165K, committed 2176K, reserved 1048576K
}
Event: 25.681 GC heap before
{Heap before GC invocations=8 (full 2):
 PSYoungGen      total 137216K, used 288K [0x000000076c500000, 0x0000000776000000, 0x00000007c0000000)
  eden space 120832K, 0% used [0x000000076c500000,0x000000076c500000,0x0000000773b00000)
  from space 16384K, 1% used [0x0000000774b80000,0x0000000774bc8000,0x0000000775b80000)
  to   space 16896K, 0% used [0x0000000773b00000,0x0000000773b00000,0x0000000774b80000)
 ParOldGen       total 1028608K, used 934541K [0x00000006c4e00000, 0x0000000703a80000, 0x000000076c500000)
  object space 1028608K, 90% used [0x00000006c4e00000,0x00000006fdea3578,0x0000000703a80000)
 Metaspace       used 17633K, capacity 17878K, committed 18048K, reserved 1064960K
  class space    used 2051K, capacity 2165K, committed 2176K, reserved 1048576K
Event: 25.792 GC heap after
Heap after GC invocations=8 (full 2):
 PSYoungGen      total 137216K, used 0K [0x000000076c500000, 0x0000000776000000, 0x00000007c0000000)
  eden space 120832K, 0% used [0x000000076c500000,0x000000076c500000,0x0000000773b00000)
  from space 16384K, 0% used [0x0000000774b80000,0x0000000774b80000,0x0000000775b80000)
  to   space 16896K, 0% used [0x0000000773b00000,0x0000000773b00000,0x0000000774b80000)
 ParOldGen       total 110080K, used 13465K [0x00000006c4e00000, 0x00000006cb980000, 0x000000076c500000)
  object space 110080K, 12% used [0x00000006c4e00000,0x00000006c5b267f8,0x00000006cb980000)
 Metaspace       used 17633K, capacity 17878K, committed 18048K, reserved 1064960K
  class space    used 2051K, capacity 2165K, committed 2176K, reserved 1048576K
}
Event: 26.696 GC heap before
{Heap before GC invocations=9 (full 2):
 PSYoungGen      total 137216K, used 120832K [0x000000076c500000, 0x0000000776000000, 0x00000007c0000000)
  eden space 120832K, 100% used [0x000000076c500000,0x0000000773b00000,0x0000000773b00000)
  from space 16384K, 0% used [0x0000000774b80000,0x0000000774b80000,0x0000000775b80000)
  to   space 16896K, 0% used [0x0000000773b00000,0x0000000773b00000,0x0000000774b80000)
 ParOldGen       total 830464K, used 730266K [0x00000006c4e00000, 0x00000006f7900000, 0x000000076c500000)
  object space 830464K, 87% used [0x00000006c4e00000,0x00000006f1726868,0x00000006f7900000)
 Metaspace       used 17706K, capacity 18006K, committed 18048K, reserved 1064960K
  class space    used 2051K, capacity 2165K, committed 2176K, reserved 1048576K
Event: 27.797 GC heap after
Heap after GC invocations=9 (full 2):
 PSYoungGen      total 137728K, used 272K [0x000000076c500000, 0x000000077cc00000, 0x00000007c0000000)
  eden space 120832K, 0% used [0x000000076c500000,0x000000076c500000,0x0000000773b00000)
  from space 16896K, 1% used [0x0000000773b00000,0x0000000773b44010,0x0000000774b80000)
  to   space 16896K, 0% used [0x000000077bb80000,0x000000077bb80000,0x000000077cc00000)
 ParOldGen       total 933376K, used 832674K [0x00000006c4e00000, 0x00000006fdd80000, 0x000000076c500000)
  object space 933376K, 89% used [0x00000006c4e00000,0x00000006f7b28878,0x00000006fdd80000)
 Metaspace       used 17706K, capacity 18006K, committed 18048K, reserved 1064960K
  class space    used 2051K, capacity 2165K, committed 2176K, reserved 1048576K
}
Event: 28.280 GC heap before
{Heap before GC invocations=10 (full 2):
 PSYoungGen      total 137728K, used 107571K [0x000000076c500000, 0x000000077cc00000, 0x00000007c0000000)
  eden space 120832K, 88% used [0x000000076c500000,0x0000000772dc8e50,0x0000000773b00000)
  from space 16896K, 1% used [0x0000000773b00000,0x0000000773b44010,0x0000000774b80000)
  to   space 16896K, 0% used [0x000000077bb80000,0x000000077bb80000,0x000000077cc00000)
 ParOldGen       total 933376K, used 832674K [0x00000006c4e00000, 0x00000006fdd80000, 0x000000076c500000)
  object space 933376K, 89% used [0x00000006c4e00000,0x00000006f7b28878,0x00000006fdd80000)
 Metaspace       used 17736K, capacity 18006K, committed 18048K, reserved 1064960K
  class space    used 2054K, capacity 2165K, committed 2176K, reserved 1048576K
Event: 28.284 GC heap after
Heap after GC invocations=10 (full 2):
 PSYoungGen      total 249344K, used 160K [0x000000076c500000, 0x000000077ca80000, 0x00000007c0000000)
  eden space 233984K, 0% used [0x000000076c500000,0x000000076c500000,0x000000077a980000)
  from space 15360K, 1% used [0x000000077bb80000,0x000000077bba8000,0x000000077ca80000)
  to   space 16896K, 0% used [0x000000077a980000,0x000000077a980000,0x000000077ba00000)
 ParOldGen       total 933376K, used 832682K [0x00000006c4e00000, 0x00000006fdd80000, 0x000000076c500000)
  object space 933376K, 89% used [0x00000006c4e00000,0x00000006f7b2a878,0x00000006fdd80000)
 Metaspace       used 17736K, capacity 18006K, committed 18048K, reserved 1064960K
  class space    used 2054K, capacity 2165K, committed 2176K, reserved 1048576K
}

